Using pre-set license
Built from '2020.3/staging' branch; Version is '2020.3.25f1 (9b9180224418) revision 10195328'; Using compiler version '192528614'; Build Type 'Release'
OS: 'Windows 11  (10.0.22000) 64bit Core' Language: 'en' Physical Memory: 32608 MB
BatchMode: 1, IsHumanControllingUs: 0, StartBugReporterOnCrash: 0, Is64bit: 1, IsPro: 0

COMMAND LINE ARGUMENTS:
C:\Program Files\Unity\Hub\Editor\2020.3.25f1\Editor\Unity.exe
-adb2
-batchMode
-noUpm
-name
AssetImportWorker0
-projectPath
C:/Users/umutk/Desktop/Unity/GameJamVR
-logFile
Logs/AssetImportWorker0.log
-srvPort
51547
Successfully changed project path to: C:/Users/umutk/Desktop/Unity/GameJamVR
C:/Users/umutk/Desktop/Unity/GameJamVR
Using Asset Import Pipeline V2.
Refreshing native plugins compatible for Editor in 50.16 ms, found 10 plugins.
Preloading 1 native plugins for Editor in 0.95 ms.
Initialize engine version: 2020.3.25f1 (9b9180224418)
[Subsystems] Discovering subsystems at path C:/Program Files/Unity/Hub/Editor/2020.3.25f1/Editor/Data/Resources/UnitySubsystems
[Subsystems] Discovering subsystems at path C:/Users/umutk/Desktop/Unity/GameJamVR/Assets
GfxDevice: creating device client; threaded=0
Direct3D:
    Version:  Direct3D 11.0 [level 11.1]
    Renderer: NVIDIA GeForce RTX 2070 with Max-Q Design (ID=0x1f10)
    Vendor:   
    VRAM:     8031 MB
    Driver:   30.0.15.1123
Initialize mono
Mono path[0] = 'C:/Program Files/Unity/Hub/Editor/2020.3.25f1/Editor/Data/Managed'
Mono path[1] = 'C:/Program Files/Unity/Hub/Editor/2020.3.25f1/Editor/Data/MonoBleedingEdge/lib/mono/unityjit'
Mono config path = 'C:/Program Files/Unity/Hub/Editor/2020.3.25f1/Editor/Data/MonoBleedingEdge/etc'
Using monoOptions --debugger-agent=transport=dt_socket,embedding=1,server=y,suspend=n,address=127.0.0.1:56092
Begin MonoManager ReloadAssembly
Registering precompiled unity dll's ...
Register platform support module: C:/Program Files/Unity/Hub/Editor/2020.3.25f1/Editor/Data/PlaybackEngines/WebGLSupport/UnityEditor.WebGL.Extensions.dll
Register platform support module: C:/Program Files/Unity/Hub/Editor/2020.3.25f1/Editor/Data/PlaybackEngines/WindowsStandaloneSupport/UnityEditor.WindowsStandalone.Extensions.dll
Registered in 0.001767 seconds.
Native extension for WindowsStandalone target not found
Native extension for WebGL target not found
Refreshing native plugins compatible for Editor in 41.78 ms, found 10 plugins.
Preloading 1 native plugins for Editor in 0.73 ms.
Mono: successfully reloaded assembly
- Completed reload, in  0.594 seconds
Domain Reload Profiling:
	ReloadAssembly (594ms)
		BeginReloadAssembly (52ms)
			ExecutionOrderSort (0ms)
			DisableScriptedObjects (0ms)
			BackupInstance (0ms)
			ReleaseScriptingObjects (0ms)
			CreateAndSetChildDomain (1ms)
		EndReloadAssembly (467ms)
			LoadAssemblies (50ms)
			RebuildTransferFunctionScriptingTraits (0ms)
			SetupTypeCache (167ms)
			ReleaseScriptCaches (0ms)
			RebuildScriptCaches (32ms)
			SetupLoadedEditorAssemblies (171ms)
				LogAssemblyErrors (0ms)
				InitializePlatformSupportModulesInManaged (5ms)
				SetLoadedEditorAssemblies (0ms)
				RefreshPlugins (43ms)
				BeforeProcessingInitializeOnLoad (12ms)
				ProcessInitializeOnLoadAttributes (83ms)
				ProcessInitializeOnLoadMethodAttributes (28ms)
				AfterProcessingInitializeOnLoad (0ms)
				EditorAssembliesLoaded (0ms)
			ExecutionOrderSort2 (0ms)
			AwakeInstancesAfterBackupRestoration (0ms)
Platform modules already initialized, skipping
Registering precompiled user dll's ...
Registered in 0.007617 seconds.
Begin MonoManager ReloadAssembly
Native extension for WindowsStandalone target not found
Native extension for WebGL target not found
Refreshing native plugins compatible for Editor in 40.85 ms, found 10 plugins.
Preloading 1 native plugins for Editor in 0.08 ms.
[XR] OculusXRPlugin: registering subsystems
[XR] Unable to register display lifecyle provider: [1]
[XR] Oculus Input lifecycle provider registered.
[XR] Unable to register input lifecyle provider: [1]
System.Reflection.TargetInvocationException: Exception has been thrown by the target of an invocation. ---> System.NullReferenceException: Object reference not set to an instance of an object
  at Unity.XR.Oculus.OculusLoader.AssetPathToAbsolutePath (System.String assetPath) [0x00048] in C:\Users\umutk\Desktop\Unity\GameJamVR\Library\PackageCache\com.unity.xr.oculus@1.11.2\Runtime\OculusLoader.cs:250 
  at Unity.XR.Oculus.OculusLoader.EditorLoadOVRPlugin () [0x0007b] in C:\Users\umutk\Desktop\Unity\GameJamVR\Library\PackageCache\com.unity.xr.oculus@1.11.2\Runtime\OculusLoader.cs:235 
  at (wrapper managed-to-native) System.Reflection.MonoMethod.InternalInvoke(System.Reflection.MonoMethod,object,object[],System.Exception&)
  at System.Reflection.MonoMethod.Invoke (System.Object obj, System.Reflection.BindingFlags invokeAttr, System.Reflection.Binder binder, System.Object[] parameters, System.Globalization.CultureInfo culture) [0x00032] in <695d1cc93cca45069c528c15c9fdd749>:0 
   --- End of inner exception stack trace ---
  at System.Reflection.MonoMethod.Invoke (System.Object obj, System.Reflection.BindingFlags invokeAttr, System.Reflection.Binder binder, System.Object[] parameters, System.Globalization.CultureInfo culture) [0x00048] in <695d1cc93cca45069c528c15c9fdd749>:0 
  at System.Reflection.MethodBase.Invoke (System.Object obj, System.Object[] parameters) [0x00000] in <695d1cc93cca45069c528c15c9fdd749>:0 
  at UnityEditor.EditorAssemblies.ProcessInitializeOnLoadMethodAttributes () [0x00047] in <7ac35247888b44f4a7e290f1f6bb33f3>:0 
UnityEngine.StackTraceUtility:ExtractStackTrace ()
UnityEngine.DebugLogHandler:LogFormat (UnityEngine.LogType,UnityEngine.Object,string,object[])
UnityEngine.Logger:Log (UnityEngine.LogType,object)
UnityEngine.Debug:LogError (object)
UnityEditor.EditorAssemblies:ProcessInitializeOnLoadMethodAttributes ()

Mono: successfully reloaded assembly
- Completed reload, in  1.170 seconds
Domain Reload Profiling:
	ReloadAssembly (1171ms)
		BeginReloadAssembly (144ms)
			ExecutionOrderSort (0ms)
			DisableScriptedObjects (4ms)
			BackupInstance (0ms)
			ReleaseScriptingObjects (0ms)
			CreateAndSetChildDomain (19ms)
		EndReloadAssembly (956ms)
			LoadAssemblies (91ms)
			RebuildTransferFunctionScriptingTraits (0ms)
			SetupTypeCache (302ms)
			ReleaseScriptCaches (1ms)
			RebuildScriptCaches (49ms)
			SetupLoadedEditorAssemblies (389ms)
				LogAssemblyErrors (0ms)
				InitializePlatformSupportModulesInManaged (5ms)
				SetLoadedEditorAssemblies (0ms)
				RefreshPlugins (41ms)
				BeforeProcessingInitializeOnLoad (73ms)
				ProcessInitializeOnLoadAttributes (244ms)
				ProcessInitializeOnLoadMethodAttributes (21ms)
				AfterProcessingInitializeOnLoad (5ms)
				EditorAssembliesLoaded (0ms)
			ExecutionOrderSort2 (0ms)
			AwakeInstancesAfterBackupRestoration (6ms)
Platform modules already initialized, skipping
========================================================================
Worker process is ready to serve import requests
Launched and connected shader compiler UnityShaderCompiler.exe after 0.07 seconds
Refreshing native plugins compatible for Editor in 0.65 ms, found 10 plugins.
Preloading 1 native plugins for Editor in 0.10 ms.
Unloading 2008 Unused Serialized files (Serialized files now loaded: 0)
System memory in use before: 85.9 MB.
System memory in use after: 86.0 MB.

Unloading 40 unused Assets to reduce memory usage. Loaded Objects now: 2425.
Total: 2.950000 ms (FindLiveObjects: 0.145800 ms CreateObjectMapping: 0.066200 ms MarkObjects: 2.679300 ms  DeleteObjects: 0.057800 ms)

AssetImportParameters requested are different than current active one (requested -> active):
  custom:framework-win-MediaFoundation: 216162199b28c13a410421893ffa2e32 -> 
  custom:video-decoder-ogg-theora: a1e56fd34408186e4bbccfd4996cb3dc -> 
  custom:container-muxer-webm: aa71ff27fc2769a1b78a27578f13a17b -> 
  custom:container-demuxer-webm: 4f35f7cbe854078d1ac9338744f61a02 -> 
  custom:container-demuxer-ogg: 62fdf1f143b41e24485cea50d1cbac27 -> 
  custom:video-encoder-webm-vp8: eb34c28f22e8b96e1ab97ce403110664 -> 
  custom:video-codec-MediaFoundation-h265: 746d11721c4dcdbdad8f713fa42b33f4 -> 
  custom:video-decoder-webm-vp8: 9c59270c3fd7afecdb556c50c9e8de78 -> 
  custom:audio-decoder-ogg-vorbis: bf7c407c2cedff20999df2af8eb42d56 -> 
  custom:audio-encoder-webm-vorbis: bf7c407c2cedff20999df2af8eb42d56 -> 
========================================================================
Received Import Request.
  path: Assets/XR/Settings/Open XR Package Settings.asset
  artifactKey: Guid(fff7aff083cb4364f911105c68e1b3fe) Importer(815301076,1909f56bfc062723c751e8b465ee728b)
Start importing Assets/XR/Settings/Open XR Package Settings.asset using Guid(fff7aff083cb4364f911105c68e1b3fe) Importer(815301076,1909f56bfc062723c751e8b465ee728b)  -> (artifact id: '5c65d2c343527294cb7ebabe917603e4') in 0.049393 seconds 
  Import took 0.052304 seconds .

========================================================================
Received Import Request.
  Time since last request: 0.000267 seconds.
  path: Assets/XR/Settings
  artifactKey: Guid(469718852007fa842bea5fb24fbe7880) Importer(815301076,1909f56bfc062723c751e8b465ee728b)
Start importing Assets/XR/Settings using Guid(469718852007fa842bea5fb24fbe7880) Importer(815301076,1909f56bfc062723c751e8b465ee728b)  -> (artifact id: 'cdbbfe40c7b973f121c4c048d15749c8') in 0.008272 seconds 
  Import took 0.012821 seconds .

========================================================================
Received Import Request.
  Time since last request: 0.000229 seconds.
  path: Assets/XR/Settings/Oculus Settings.asset
  artifactKey: Guid(de8ff8c5420bc0347929a1c6db563a27) Importer(815301076,1909f56bfc062723c751e8b465ee728b)
Start importing Assets/XR/Settings/Oculus Settings.asset using Guid(de8ff8c5420bc0347929a1c6db563a27) Importer(815301076,1909f56bfc062723c751e8b465ee728b)  -> (artifact id: 'c3c82fb8d60195e8256a6909cdb9c0a9') in 0.013222 seconds 
  Import took 0.017178 seconds .

========================================================================
Received Import Request.
  Time since last request: 0.000296 seconds.
  path: Assets/XR/Settings/OpenXR Editor Settings.asset
  artifactKey: Guid(411a7d1bfadb64240a7ee7dcb10d8757) Importer(815301076,1909f56bfc062723c751e8b465ee728b)
Start importing Assets/XR/Settings/OpenXR Editor Settings.asset using Guid(411a7d1bfadb64240a7ee7dcb10d8757) Importer(815301076,1909f56bfc062723c751e8b465ee728b)  -> (artifact id: '5833818d2876de152e8a0c26982e3ea8') in 0.011416 seconds 
  Import took 0.017424 seconds .

========================================================================
Received Import Request.
  Time since last request: 0.000294 seconds.
  path: Assets/XR/XRGeneralSettings.asset
  artifactKey: Guid(fdb841959be5915469fdd94565bc5777) Importer(815301076,1909f56bfc062723c751e8b465ee728b)
Start importing Assets/XR/XRGeneralSettings.asset using Guid(fdb841959be5915469fdd94565bc5777) Importer(815301076,1909f56bfc062723c751e8b465ee728b) [XR] Error loading subsystem: Display (1) (header mismatch?)
 -> (artifact id: '9fc25b4967eee3555fe2d6b045928a29') in 0.016890 seconds 
  Import took 0.020064 seconds .

========================================================================
Received Import Request.
  Time since last request: 0.000234 seconds.
  path: Assets/XR
  artifactKey: Guid(1a9e91ff6f8af2c4d804f6396f1a28a6) Importer(815301076,1909f56bfc062723c751e8b465ee728b)
Start importing Assets/XR using Guid(1a9e91ff6f8af2c4d804f6396f1a28a6) Importer(815301076,1909f56bfc062723c751e8b465ee728b)  -> (artifact id: '1deffd75ab993bc02d2692d11cd008da') in 0.007646 seconds 
  Import took 0.010057 seconds .

========================================================================
Received Prepare
Registering precompiled user dll's ...
Registered in 0.007811 seconds.
Begin MonoManager ReloadAssembly
The file 'MemoryStream' is corrupted! Remove it and launch unity again!
[Position out of bounds!]
Fatal Error! The file 'MemoryStream' is corrupted! Remove it and launch unity again!
[Position out of bounds!]
Crash!!!
SymInit: Symbol-SearchPath: 'C:/Program Files/Unity/Hub/Editor/2020.3.25f1/Editor/Data/Mono;.;C:\Users\umutk\Desktop\Unity\GameJamVR;C:\Program Files\Unity\Hub\Editor\2020.3.25f1\Editor;C:\Windows;C:\Windows\system32;SRV*C:\websymbols*http://msdl.microsoft.com/download/symbols;', symOptions: 534, UserName: 'umutk'
OS-Version: 10.0.0
C:\Program Files\Unity\Hub\Editor\2020.3.25f1\Editor\Unity.exe:Unity.exe (00007FF6EA850000), size: 83210240 (result: 0), SymType: '-deferred-', PDB: '', fileVersion: 2020.3.25.37248
C:\Windows\SYSTEM32\ntdll.dll:ntdll.dll (00007FFB61660000), size: 2125824 (result: 0), SymType: '-deferred-', PDB: '', fileVersion: 10.0.22000.434
C:\Windows\System32\KERNEL32.DLL:KERNEL32.DLL (00007FFB60210000), size: 774144 (result: 0), SymType: '-deferred-', PDB: '', fileVersion: 10.0.22000.434
C:\Windows\System32\KERNELBASE.dll:KERNELBASE.dll (00007FFB5EE00000), size: 3620864 (result: 0), SymType: '-deferred-', PDB: '', fileVersion: 10.0.22000.434
C:\Windows\SYSTEM32\apphelp.dll:apphelp.dll (00007FFB58D70000), size: 593920 (result: 0), SymType: '-deferred-', PDB: '', fileVersion: 10.0.22000.282
C:\Windows\System32\CRYPT32.dll:CRYPT32.dll (00007FFB5F390000), size: 1449984 (result: 0), SymType: '-deferred-', PDB: '', fileVersion: 10.0.22000.348
C:\Windows\System32\ucrtbase.dll:ucrtbase.dll (00007FFB5EB50000), size: 1118208 (result: 0), SymType: '-deferred-', PDB: '', fileVersion: 10.0.22000.1
C:\Windows\System32\USER32.dll:USER32.dll (00007FFB5F7C0000), size: 1753088 (result: 0), SymType: '-deferred-', PDB: '', fileVersion: 10.0.22000.282
C:\Windows\System32\win32u.dll:win32u.dll (00007FFB5EC70000), size: 155648 (result: 0), SymType: '-deferred-', PDB: '', fileVersion: 10.0.22000.434
C:\Program Files\Unity\Hub\Editor\2020.3.25f1\Editor\optix.6.0.0.dll:optix.6.0.0.dll (00007FFB42000000), size: 208896 (result: 0), SymType: '-deferred-', PDB: '', fileVersion: 6.0.0.0
C:\Program Files\Unity\Hub\Editor\2020.3.25f1\Editor\libfbxsdk.dll:libfbxsdk.dll (00007FFAD3870000), size: 10215424 (result: 0), SymType: '-deferred-', PDB: '', fileVersion: 2020.2.0.0
C:\Program Files\Unity\Hub\Editor\2020.3.25f1\Editor\OpenImageDenoise.dll:OpenImageDenoise.dll (00007FFABA690000), size: 43806720 (result: 0), SymType: '-deferred-', PDB: ''
C:\Windows\System32\GDI32.dll:GDI32.dll (00007FFB61550000), size: 167936 (result: 0), SymType: '-deferred-', PDB: '', fileVersion: 10.0.22000.1
C:\Windows\System32\gdi32full.dll:gdi32full.dll (00007FFB5F180000), size: 1122304 (result: 0), SymType: '-deferred-', PDB: '', fileVersion: 10.0.22000.71
C:\Windows\System32\msvcp_win.dll:msvcp_win.dll (00007FFB5ECA0000), size: 643072 (result: 0), SymType: '-deferred-', PDB: '', fileVersion: 10.0.22000.1
C:\Windows\System32\ADVAPI32.dll:ADVAPI32.dll (00007FFB5F710000), size: 712704 (result: 0), SymType: '-deferred-', PDB: '', fileVersion: 10.0.22000.434
C:\Program Files\Unity\Hub\Editor\2020.3.25f1\Editor\umbraoptimizer64.dll:umbraoptimizer64.dll (00007FFAF2860000), size: 1306624 (result: 0), SymType: '-deferred-', PDB: ''
C:\Windows\System32\SHELL32.dll:SHELL32.dll (00007FFB604E0000), size: 8052736 (result: 0), SymType: '-deferred-', PDB: '', fileVersion: 10.0.22000.434
C:\Program Files\Unity\Hub\Editor\2020.3.25f1\Editor\FreeImage.dll:FreeImage.dll (0000000180000000), size: 6582272 (result: 0), SymType: '-deferred-', PDB: '', fileVersion: 3.18.0.0
C:\Windows\System32\WS2_32.dll:WS2_32.dll (00007FFB5F970000), size: 454656 (result: 0), SymType: '-deferred-', PDB: '', fileVersion: 10.0.22000.1
C:\Windows\System32\msvcrt.dll:msvcrt.dll (00007FFB5FF40000), size: 667648 (result: 0), SymType: '-deferred-', PDB: '', fileVersion: 7.0.22000.1
C:\Windows\System32\RPCRT4.dll:RPCRT4.dll (00007FFB61430000), size: 1179648 (result: 0), SymType: '-deferred-', PDB: '', fileVersion: 10.0.22000.434
C:\Windows\System32\sechost.dll:sechost.dll (00007FFB61580000), size: 647168 (result: 0), SymType: '-deferred-', PDB: '', fileVersion: 10.0.22000.434
C:\Windows\System32\SHLWAPI.dll:SHLWAPI.dll (00007FFB5F6B0000), size: 380928 (result: 0), SymType: '-deferred-', PDB: '', fileVersion: 10.0.22000.1
C:\Windows\System32\WLDAP32.dll:WLDAP32.dll (00007FFB5F500000), size: 352256 (result: 0), SymType: '-deferred-', PDB: '', fileVersion: 10.0.22000.1
C:\Program Files\Unity\Hub\Editor\2020.3.25f1\Editor\ispc_texcomp.dll:ispc_texcomp.dll (00007FFAF19F0000), size: 1609728 (result: 0), SymType: '-deferred-', PDB: ''
C:\Windows\System32\Normaliz.dll:Normaliz.dll (00007FFB61090000), size: 32768 (result: 0), SymType: '-deferred-', PDB: '', fileVersion: 10.0.22000.1
C:\Windows\System32\ole32.dll:ole32.dll (00007FFB60E60000), size: 1679360 (result: 0), SymType: '-deferred-', PDB: '', fileVersion: 10.0.22000.120
C:\Program Files\Unity\Hub\Editor\2020.3.25f1\Editor\WinPixEventRuntime.dll:WinPixEventRuntime.dll (00007FFB450A0000), size: 45056 (result: 0), SymType: '-deferred-', PDB: '', fileVersion: 1.0.1812.6001
C:\Windows\System32\combase.dll:combase.dll (00007FFB610B0000), size: 3637248 (result: 0), SymType: '-deferred-', PDB: '', fileVersion: 10.0.22000.282
C:\Program Files\Unity\Hub\Editor\2020.3.25f1\Editor\tbb.dll:tbb.dll (00007FFB11FD0000), size: 413696 (result: 0), SymType: '-deferred-', PDB: '', fileVersion: 2017.0.2016.1004
C:\Windows\System32\IMM32.dll:IMM32.dll (00007FFB5F580000), size: 200704 (result: 0), SymType: '-deferred-', PDB: '', fileVersion: 10.0.22000.1
C:\Windows\System32\SETUPAPI.dll:SETUPAPI.dll (00007FFB5FAD0000), size: 4632576 (result: 0), SymType: '-deferred-', PDB: '', fileVersion: 10.0.22000.194
C:\Windows\SYSTEM32\VCRUNTIME140.dll:VCRUNTIME140.dll (00007FFB1F2A0000), size: 110592 (result: 0), SymType: '-deferred-', PDB: '', fileVersion: 14.29.30133.0
C:\Windows\System32\OLEAUT32.dll:OLEAUT32.dll (00007FFB5F9E0000), size: 876544 (result: 0), SymType: '-deferred-', PDB: '', fileVersion: 10.0.22000.1
C:\Windows\System32\WINTRUST.dll:WINTRUST.dll (00007FFB5F320000), size: 417792 (result: 0), SymType: '-deferred-', PDB: '', fileVersion: 10.0.22000.434
C:\Windows\SYSTEM32\MSVCP140.dll:MSVCP140.dll (00007FFB1C830000), size: 577536 (result: 0), SymType: '-deferred-', PDB: '', fileVersion: 14.29.30133.0
C:\Windows\SYSTEM32\MSVCP120.dll:MSVCP120.dll (00007FFAF3620000), size: 679936 (result: 0), SymType: '-deferred-', PDB: '', fileVersion: 12.0.40660.0
C:\Windows\SYSTEM32\OPENGL32.dll:OPENGL32.dll (00007FFB36840000), size: 1052672 (result: 0), SymType: '-deferred-', PDB: '', fileVersion: 10.0.22000.41
C:\Windows\SYSTEM32\MSVCR120.dll:MSVCR120.dll (00007FFB25050000), size: 978944 (result: 0), SymType: '-deferred-', PDB: '', fileVersion: 12.0.40660.0
C:\Windows\SYSTEM32\GLU32.dll:GLU32.dll (00007FFB371B0000), size: 184320 (result: 0), SymType: '-deferred-', PDB: '', fileVersion: 10.0.22000.41
C:\Windows\SYSTEM32\IPHLPAPI.DLL:IPHLPAPI.DLL (00007FFB5D7F0000), size: 184320 (result: 0), SymType: '-deferred-', PDB: '', fileVersion: 10.0.22000.282
C:\Windows\SYSTEM32\WINHTTP.dll:WINHTTP.dll (00007FFB537A0000), size: 1097728 (result: 0), SymType: '-deferred-', PDB: '', fileVersion: 10.0.22000.1
C:\Windows\SYSTEM32\WINMM.dll:WINMM.dll (00007FFB53FA0000), size: 208896 (result: 0), SymType: '-deferred-', PDB: '', fileVersion: 10.0.22000.1
C:\Windows\SYSTEM32\bcrypt.dll:bcrypt.dll (00007FFB5E530000), size: 159744 (result: 0), SymType: '-deferred-', PDB: '', fileVersion: 10.0.22000.1
C:\Windows\SYSTEM32\HID.DLL:HID.DLL (00007FFB5D530000), size: 57344 (result: 0), SymType: '-deferred-', PDB: '', fileVersion: 10.0.22000.1
C:\Program Files\Unity\Hub\Editor\2020.3.25f1\Editor\RadeonImageFilters.dll:RadeonImageFilters.dll (00007FFAD3600000), size: 2535424 (result: 0), SymType: '-deferred-', PDB: '', fileVersion: 1.5.1.0
C:\Program Files\Unity\Hub\Editor\2020.3.25f1\Editor\SketchUpAPI.dll:SketchUpAPI.dll (00007FFABEA70000), size: 8978432 (result: 0), SymType: '-deferred-', PDB: '', fileVersion: 19.0.753.0
C:\Windows\SYSTEM32\VERSION.dll:VERSION.dll (00007FFB53B80000), size: 40960 (result: 0), SymType: '-deferred-', PDB: '', fileVersion: 10.0.22000.1
C:\Windows\SYSTEM32\WSOCK32.dll:WSOCK32.dll (00007FFB43A00000), size: 36864 (result: 0), SymType: '-deferred-', PDB: '', fileVersion: 10.0.22000.1
C:\Windows\SYSTEM32\VCRUNTIME140_1.dll:VCRUNTIME140_1.dll (00007FFB2E850000), size: 49152 (result: 0), SymType: '-deferred-', PDB: '', fileVersion: 14.29.30133.0
C:\Windows\SYSTEM32\Secur32.dll:Secur32.dll (00007FFB333D0000), size: 49152 (result: 0), SymType: '-deferred-', PDB: '', fileVersion: 10.0.22000.1
C:\Program Files\Unity\Hub\Editor\2020.3.25f1\Editor\SketchUpCommonPreferences.dll:SketchUpCommonPreferences.dll (00007FFB0EF20000), size: 483328 (result: 0), SymType: '-deferred-', PDB: '', fileVersion: 19.0.753.20342
C:\Windows\SYSTEM32\dxcore.dll:dxcore.dll (00007FFB58F60000), size: 229376 (result: 0), SymType: '-deferred-', PDB: '', fileVersion: 10.0.22000.1
C:\Windows\SYSTEM32\SSPICLI.DLL:SSPICLI.DLL (00007FFB5DF10000), size: 270336 (result: 0), SymType: '-deferred-', PDB: '', fileVersion: 10.0.22000.434
C:\Program Files\Unity\Hub\Editor\2020.3.25f1\Editor\OpenRL.dll:OpenRL.dll (000001AB46980000), size: 12779520 (result: 0), SymType: '-deferred-', PDB: '', fileVersion: 1.5.0.2907
C:\Windows\SYSTEM32\MSVCP100.dll:MSVCP100.dll (000000005D6C0000), size: 622592 (result: 0), SymType: '-deferred-', PDB: '', fileVersion: 10.0.40219.325
C:\Windows\SYSTEM32\MSVCR100.dll:MSVCR100.dll (000000005D5E0000), size: 860160 (result: 0), SymType: '-deferred-', PDB: '', fileVersion: 10.0.40219.325
C:\Program Files\Unity\Hub\Editor\2020.3.25f1\Editor\embree.dll:embree.dll (00007FFABDA80000), size: 16711680 (result: 0), SymType: '-deferred-', PDB: '', fileVersion: 2.14.0.0
C:\Windows\SYSTEM32\cfgmgr32.DLL:cfgmgr32.DLL (00007FFB5E820000), size: 311296 (result: 0), SymType: '-deferred-', PDB: '', fileVersion: 10.0.22000.1
C:\Windows\SYSTEM32\MSWSOCK.DLL:MSWSOCK.DLL (00007FFB5E170000), size: 421888 (result: 0), SymType: '-deferred-', PDB: '', fileVersion: 10.0.22000.1
C:\Program Files\Unity\Hub\Editor\2020.3.25f1\Editor\OpenRL_pthread.dll:OpenRL_pthread.dll (000001AB475D0000), size: 61440 (result: 0), SymType: '-deferred-', PDB: '', fileVersion: 2.9.0.0
C:\Windows\SYSTEM32\MSASN1.dll:MSASN1.dll (00007FFB5E410000), size: 73728 (result: 0), SymType: '-deferred-', PDB: '', fileVersion: 10.0.22000.1
C:\Windows\SYSTEM32\kernel.appcore.dll:kernel.appcore.dll (00007FFB5DCC0000), size: 98304 (result: 0), SymType: '-deferred-', PDB: '', fileVersion: 10.0.22000.71
C:\Windows\System32\bcryptPrimitives.dll:bcryptPrimitives.dll (00007FFB5F2A0000), size: 520192 (result: 0), SymType: '-deferred-', PDB: '', fileVersion: 10.0.22000.376
C:\Windows\system32\uxtheme.dll:uxtheme.dll (00007FFB58E80000), size: 704512 (result: 0), SymType: '-deferred-', PDB: '', fileVersion: 10.0.22000.120
C:\Windows\System32\shcore.dll:shcore.dll (00007FFB5F5C0000), size: 958464 (result: 0), SymType: '-deferred-', PDB: '', fileVersion: 10.0.22000.71
C:\Windows\SYSTEM32\windows.storage.dll:windows.storage.dll (00007FFB5CCC0000), size: 8810496 (result: 0), SymType: '-deferred-', PDB: '', fileVersion: 10.0.22000.348
C:\Windows\SYSTEM32\wintypes.dll:wintypes.dll (00007FFB5CB50000), size: 1466368 (result: 0), SymType: '-deferred-', PDB: '', fileVersion: 10.0.22000.41
C:\Windows\SYSTEM32\profapi.dll:profapi.dll (00007FFB5EA80000), size: 135168 (result: 0), SymType: '-deferred-', PDB: '', fileVersion: 10.0.22000.1
C:\Windows\System32\clbcatq.dll:clbcatq.dll (00007FFB603C0000), size: 716800 (result: 0), SymType: '-deferred-', PDB: '', fileVersion: 2001.12.10941.16384
C:\Windows\System32\netprofm.dll:netprofm.dll (00007FFB55EA0000), size: 462848 (result: 0), SymType: '-deferred-', PDB: '', fileVersion: 10.0.22000.65
C:\Windows\System32\npmproxy.dll:npmproxy.dll (00007FFB50D10000), size: 73728 (result: 0), SymType: '-deferred-', PDB: '', fileVersion: 10.0.22000.65
C:\Windows\System32\NSI.dll:NSI.dll (00007FFB5FAC0000), size: 36864 (result: 0), SymType: '-deferred-', PDB: '', fileVersion: 10.0.22000.1
C:\Windows\SYSTEM32\dhcpcsvc6.DLL:dhcpcsvc6.DLL (00007FFB53720000), size: 102400 (result: 0), SymType: '-deferred-', PDB: '', fileVersion: 10.0.22000.71
C:\Windows\SYSTEM32\dhcpcsvc.DLL:dhcpcsvc.DLL (00007FFB53ED0000), size: 122880 (result: 0), SymType: '-deferred-', PDB: '', fileVersion: 10.0.22000.71
C:\Windows\SYSTEM32\DNSAPI.dll:DNSAPI.dll (00007FFB5D820000), size: 946176 (result: 0), SymType: '-deferred-', PDB: '', fileVersion: 10.0.22000.282
C:\Program Files\Bonjour\mdnsNSP.dll:mdnsNSP.dll (000000005DC50000), size: 217088 (result: 0), SymType: '-deferred-', PDB: '', fileVersion: 2.0.2.0
C:\Windows\System32\fwpuclnt.dll:fwpuclnt.dll (00007FFB50F30000), size: 528384 (result: 0), SymType: '-deferred-', PDB: '', fileVersion: 10.0.22000.434
C:\Windows\System32\rasadhlp.dll:rasadhlp.dll (00007FFB3F380000), size: 40960 (result: 0), SymType: '-deferred-', PDB: '', fileVersion: 10.0.22000.1
C:\Program Files\Unity\Hub\Editor\2020.3.25f1\Editor\Data\Tools\astcenc-avx2.dll:astcenc-avx2.dll (00007FFAF2460000), size: 557056 (result: 0), SymType: '-deferred-', PDB: ''
C:\Users\umutk\Desktop\Unity\GameJamVR\Library\PackageCache\com.unity.xr.oculus@1.11.2\Runtime\x64\AudioPluginOculusSpatializer.dll:AudioPluginOculusSpatializer.dll (00007FFAB87C0000), size: 4063232 (result: 0), SymType: '-deferred-', PDB: ''
C:\Windows\SYSTEM32\d3d11.dll:d3d11.dll (00007FFB559C0000), size: 2621440 (result: 0), SymType: '-deferred-', PDB: '', fileVersion: 10.0.22000.120
C:\Windows\SYSTEM32\dxgi.dll:dxgi.dll (00007FFB58FA0000), size: 995328 (result: 0), SymType: '-deferred-', PDB: '', fileVersion: 10.0.22000.348
C:\Windows\SYSTEM32\directxdatabasehelper.dll:directxdatabasehelper.dll (00007FFB57300000), size: 278528 (result: 0), SymType: '-deferred-', PDB: '', fileVersion: 10.0.22000.1
C:\Windows\SYSTEM32\ntmarta.dll:ntmarta.dll (00007FFB590C0000), size: 212992 (result: 0), SymType: '-deferred-', PDB: '', fileVersion: 10.0.22000.1
C:\Windows\System32\DriverStore\FileRepository\nvtfi.inf_amd64_90367366be992b1c\nvldumdx.dll:nvldumdx.dll (00007FFB415C0000), size: 1077248 (result: 0), SymType: '-deferred-', PDB: '', fileVersion: 30.0.15.1123
C:\Windows\SYSTEM32\cryptnet.dll:cryptnet.dll (00007FFB526D0000), size: 200704 (result: 0), SymType: '-deferred-', PDB: '', fileVersion: 10.0.22000.1
C:\Windows\SYSTEM32\drvstore.dll:drvstore.dll (00007FFB4CBA0000), size: 1347584 (result: 0), SymType: '-deferred-', PDB: '', fileVersion: 10.0.22000.120
C:\Windows\SYSTEM32\devobj.dll:devobj.dll (00007FFB5E870000), size: 180224 (result: 0), SymType: '-deferred-', PDB: '', fileVersion: 10.0.22000.1
C:\Windows\SYSTEM32\wldp.dll:wldp.dll (00007FFB5E480000), size: 249856 (result: 0), SymType: '-deferred-', PDB: '', fileVersion: 10.0.22000.120
C:\Windows\SYSTEM32\cryptbase.dll:cryptbase.dll (00007FFB5E3D0000), size: 49152 (result: 0), SymType: '-deferred-', PDB: '', fileVersion: 10.0.22000.1
C:\Windows\System32\imagehlp.dll:imagehlp.dll (00007FFB5F560000), size: 126976 (result: 0), SymType: '-deferred-', PDB: '', fileVersion: 10.0.22000.1
C:\Windows\SYSTEM32\CRYPTSP.dll:CRYPTSP.dll (00007FFB5E3B0000), size: 98304 (result: 0), SymType: '-deferred-', PDB: '', fileVersion: 10.0.22000.1
C:\Windows\system32\rsaenh.dll:rsaenh.dll (00007FFB5DC20000), size: 217088 (result: 0), SymType: '-deferred-', PDB: '', fileVersion: 10.0.22000.282
C:\Windows\System32\DriverStore\FileRepository\nvtfi.inf_amd64_90367366be992b1c\nvwgf2umx.dll:nvwgf2umx.dll (00007FFAB5B60000), size: 43171840 (result: 0), SymType: '-deferred-', PDB: '', fileVersion: 30.0.15.1123
C:\Windows\system32\nvspcap64.dll:nvspcap64.dll (00007FFAD30B0000), size: 2904064 (result: 0), SymType: '-deferred-', PDB: '', fileVersion: 3.24.0.126
C:\Windows\system32\wbem\wbemprox.dll:wbemprox.dll (00007FFB50C30000), size: 65536 (result: 0), SymType: '-deferred-', PDB: '', fileVersion: 10.0.22000.1
C:\Windows\SYSTEM32\wbemcomn.dll:wbemcomn.dll (00007FFB4BD30000), size: 532480 (result: 0), SymType: '-deferred-', PDB: '', fileVersion: 10.0.22000.1
C:\Windows\system32\wbem\wbemsvc.dll:wbemsvc.dll (00007FFB50B10000), size: 81920 (result: 0), SymType: '-deferred-', PDB: '', fileVersion: 10.0.22000.1
C:\Windows\system32\wbem\fastprox.dll:fastprox.dll (00007FFB4B830000), size: 1024000 (result: 0), SymType: '-deferred-', PDB: '', fileVersion: 10.0.22000.1
C:\Windows\SYSTEM32\amsi.dll:amsi.dll (00007FFB4B1C0000), size: 118784 (result: 0), SymType: '-deferred-', PDB: '', fileVersion: 10.0.22000.120
C:\Windows\SYSTEM32\USERENV.dll:USERENV.dll (00007FFB5E260000), size: 167936 (result: 0), SymType: '-deferred-', PDB: '', fileVersion: 10.0.22000.1
C:\ProgramData\Microsoft\Windows Defender\Platform\4.18.2111.5-0\MpOav.dll:MpOav.dll (00007FFB4B140000), size: 499712 (result: 0), SymType: '-deferred-', PDB: '', fileVersion: 4.18.2111.5
C:\Program Files\Unity\Hub\Editor\2020.3.25f1\Editor\cudart64_90.dll:cudart64_90.dll (00007FFAF0510000), size: 397312 (result: 0), SymType: '-deferred-', PDB: '', fileVersion: 6.14.11.9000
C:\Windows\SYSTEM32\opencl.dll:opencl.dll (00007FFAD8F20000), size: 1474560 (result: 0), SymType: '-deferred-', PDB: '', fileVersion: 3.0.1.0
C:\Program Files\Unity\Hub\Editor\2020.3.25f1\Editor\radeonrays.dll:radeonrays.dll (00007FFAEEFD0000), size: 552960 (result: 0), SymType: '-deferred-', PDB: ''
C:\Program Files\Unity\Hub\Editor\2020.3.25f1\Editor\Data\MonoBleedingEdge\EmbedRuntime\mono-2.0-bdwgc.dll:mono-2.0-bdwgc.dll (00007FFAB9A80000), size: 7794688 (result: 0), SymType: '-deferred-', PDB: ''
C:\Windows\System32\PSAPI.DLL:PSAPI.DLL (00007FFB60E50000), size: 32768 (result: 0), SymType: '-deferred-', PDB: '', fileVersion: 10.0.22000.1
C:\Users\umutk\Desktop\Unity\GameJamVR\Library\PackageCache\com.unity.xr.oculus@1.11.2\Runtime\x64\OculusXRPlugin.dll:OculusXRPlugin.dll (00007FFB0EEB0000), size: 425984 (result: 0), SymType: '-deferred-', PDB: ''
C:\Windows\SYSTEM32\PROPSYS.dll:PROPSYS.dll (00007FFB57E00000), size: 1011712 (result: 0), SymType: '-deferred-', PDB: '', fileVersion: 7.0.22000.37
C:\Windows\System32\Windows.System.Launcher.dll:Windows.System.Launcher.dll (00007FFB4D040000), size: 1290240 (result: 0), SymType: '-deferred-', PDB: '', fileVersion: 10.0.22000.434
C:\Windows\System32\msvcp110_win.dll:msvcp110_win.dll (00007FFB56EF0000), size: 598016 (result: 0), SymType: '-deferred-', PDB: '', fileVersion: 10.0.22000.1
C:\Windows\SYSTEM32\windows.staterepositorycore.dll:windows.staterepositorycore.dll (00007FFB536B0000), size: 110592 (result: 0), SymType: '-deferred-', PDB: '', fileVersion: 10.0.22000.65
C:\Windows\WinSxS\amd64_microsoft.windows.common-controls_6595b64144ccf1df_6.0.22000.120_none_9d947278b86cc467\comctl32.dll:comctl32.dll (00007FFB45E20000), size: 2772992 (result: 0), SymType: '-deferred-', PDB: '', fileVersion: 6.10.22000.120
C:\Windows\SYSTEM32\WindowsCodecs.dll:WindowsCodecs.dll (00007FFB546B0000), size: 1761280 (result: 0), SymType: '-deferred-', PDB: '', fileVersion: 10.0.22000.1
C:\Windows\System32\thumbcache.dll:thumbcache.dll (00007FFB34B00000), size: 417792 (result: 0), SymType: '-deferred-', PDB: '', fileVersion: 10.0.22000.51
C:\Users\umutk\Desktop\Unity\GameJamVR\Library\PackageCache\com.unity.xr.openxr@1.3.1\Runtime\windows\x64\UnityOpenXR.dll:UnityOpenXR.dll (00007FFAD2270000), size: 651264 (result: 0), SymType: '-deferred-', PDB: '', fileVersion: 1.3.1.0
C:\Windows\SYSTEM32\dbghelp.dll:dbghelp.dll (00007FFB5C900000), size: 2232320 (result: 0), SymType: '-deferred-', PDB: '', fileVersion: 10.0.22000.1

========== OUTPUTTING STACK TRACE ==================

0x00007FFB5EE4478C (KERNELBASE) RaiseException
0x00007FF6EBF821BD (Unity) EditorMonoConsole::LogToConsoleImplementation
0x00007FF6EBF8314A (Unity) EditorMonoConsole::LogToConsoleImplementation
0x00007FF6ECF26D4E (Unity) DebugStringToFilePostprocessedStacktrace
0x00007FF6ECF262FF (Unity) DebugStringToFile
0x00007FF6EB43E97E (Unity) CachedReader::OutOfBoundsError
0x00007FF6EB43F744 (Unity) CachedReader::UpdateReadCache
0x00007FF6EB670D96 (Unity) ExecuteSerializationCommands<SafeBinaryRead>
0x00007FF6EB67F97E (Unity) TransferScriptingObject<StreamedBinaryRead,0>
0x00007FF6EB69302C (Unity) SerializableManagedRefTransfer::TransferBinaryInstanceOnly
0x00007FF6EB672668 (Unity) SerializableManagedRefTransfer::RestoreBackupImpl<SerializableManagedRefBackupGenerator>
0x00007FF6EB672509 (Unity) SerializableManagedRefTransfer::RestoreBackup<SerializableManagedRefBackupGenerator>
0x00007FF6EB714A4A (Unity) SerializableManagedRefsUtilities::RestoreBackups
0x00007FF6EB6874F4 (Unity) MonoManager::EndReloadAssembly
0x00007FF6EB68E627 (Unity) MonoManager::ReloadAssembly
0x00007FF6EC38CC21 (Unity) LoadDomainAndUserAssemblies
0x00007FF6EC38D289 (Unity) LoadUserAssemblies
0x00007FF6EC5C2838 (Unity) <lambda_b7fd2194c9d98d5c5f8d87939b09ad6c>::operator()
0x00007FF6EC6495A2 (Unity) asio::detail::completion_handler<core::mutable_function<void __cdecl(void)> >::do_complete
0x00007FF6EC64B700 (Unity) asio::detail::win_iocp_io_service::do_one
0x00007FF6EC64EE7E (Unity) asio::io_service::run
0x00007FF6EC5EAB9B (Unity) RunAssetImportWorkerClientV2
0x00007FF6EC5EABF0 (Unity) RunAssetImporterV2
0x00007FF6EC0923DD (Unity) Application::InitializeProject
0x00007FF6EC4E7252 (Unity) WinMain
0x00007FF6EDB75752 (Unity) __scrt_common_main_seh
0x00007FFB602254E0 (KERNEL32) BaseThreadInitThunk
0x00007FFB6166485B (ntdll) RtlUserThreadStart

========== END OF STACKTRACE ===========

A crash has been intercepted by the crash handler. For call stack and other details, see the latest crash report generated in:
 * C:/Users/umutk/AppData/Local/Temp/Unity/Editor/Crashes
